[15-08-31 10:23:58.580][upkg.c    -L0136-LoadPkgFile    -18548] pkgid[CUPS1], pkgName[CUPS,有拒绝码], pkgType[8583] pkgMsgFmt[AsciiHexToByte] ePkgType[1] fieldCount[129]
[15-08-31 10:23:58.580][upkg.c    -L0139-LoadPkgFile    -18548] ========开始读取域配置========
[15-08-31 10:23:58.720][upkg.c    -L0312-LoadPkgFile    -18548] ========结束读取域配置========
[15-08-31 10:23:58.720][upkg.c    -L0513-Upkg8583       -18548] Upkg8583 begin...pkgId=[CUPS1],pkgFile=[../pkg/cupsReject.pkg], buffer: 
[15-08-31 10:23:58.720][upkg.c    -L0514-Upkg8583       -18548] ++++++++++++++ length[113] ++++++++++++++
0000:30 33 32 39 74 72 61 63  65 7A 64 5F 30 31 31 00  00 06 30 30 30 30 30 31  0329trac ezd_011. ..000001 
0024:74 65 72 6D 69 64 5F 30  34 31 00 00 08 33 39 31  30 38 35 39 36 69 64 63  termid_0 41...391 08596idc 
0048:6F 64 65 5F 30 34 32 00  00 0F 38 39 38 33 35 30  31 35 34 31 31 30 30 34  ode_042. ..898350 15411004 
0072:38 6D 73 67 69 6E 64 5F  30 36 30 00 00 0B 30 30  30 30 30 30 30 31 30 30  8msgind_ 060...00 00000100 
0096:33 64 65 73 74 63 64 5F  30 36 33 00 00 03 30 31  20                       3destcd_ 063...01  
------------------------------------------------------------------------------------------------------------
[15-08-31 10:23:58.720][upkg.c    -L0416-Unpack8583Field-18548] 域 0: 
[15-08-31 10:23:58.720][upkg.c    -L0460-Unpack8583Field-18548] 域值长度[124],域值编码类型[BYTE],取域值报文实际长度=[124]
[15-08-31 10:23:58.720][upkg.c    -L0464-Unpack8583Field-18548] offset=[0],报文长度[113]不足
[15-08-31 10:23:58.720][upkg.c    -L0519-Upkg8583       -18548] 解包 0 域失败
[15-08-31 10:23:58.720][upkg.c    -L0773-UpkgMain       -18548] ret = -12, offset=[0],报文长度[113]不足
[15-08-31 10:23:58.720][upkg.c    -L0791-Unpack         -18548] 

[15-08-31 10:27:45.842][upkg.c    -L0136-LoadPkgFile    -35148] pkgid[CUPS1], pkgName[CUPS,有拒绝码], pkgType[8583] pkgMsgFmt[AsciiHexToByte] ePkgType[1] fieldCount[129]
[15-08-31 10:27:45.842][upkg.c    -L0139-LoadPkgFile    -35148] ========开始读取域配置========
[15-08-31 10:27:45.999][upkg.c    -L0312-LoadPkgFile    -35148] ========结束读取域配置========
[15-08-31 10:27:45.999][upkg.c    -L0513-Upkg8583       -35148] Upkg8583 begin...pkgId=[CUPS1],pkgFile=[../pkg/cupsReject.pkg], buffer: 
[15-08-31 10:27:45.999][upkg.c    -L0514-Upkg8583       -35148] ++++++++++++++ length[135] ++++++++++++++
0000:30 33 32 39 74 72 61 63  65 7A 64 5F 30 31 31 00  00 06 30 30 30 30 30 31  0329trac ezd_011. ..000001 
0024:74 65 72 6D 69 64 5F 30  34 31 00 00 08 33 39 31  30 38 35 39 36 69 64 63  termid_0 41...391 08596idc 
0048:6F 64 65 5F 30 34 32 00  00 0F 38 39 38 33 35 30  31 35 34 31 31 30 30 34  ode_042. ..898350 15411004 
0072:38 6D 73 67 69 6E 64 5F  30 36 30 00 00 0B 30 30  30 30 30 30 30 31 30 30  8msgind_ 060...00 00000100 
0096:33 64 65 73 74 63 64 5F  30 36 33 00 00 03 30 31  20 33 33 33 33 33 33 33  3destcd_ 063...01  3333333 
0120:33 33 33 33 33 33 33 33  33 33 33 33 33 33 33                              33333333 3333333
------------------------------------------------------------------------------------------------------------
[15-08-31 10:27:45.999][upkg.c    -L0416-Unpack8583Field-35148] 域 0: 
[15-08-31 10:27:45.999][upkg.c    -L0460-Unpack8583Field-35148] 域值长度[124],域值编码类型[BYTE],取域值报文实际长度=[124]
[15-08-31 10:27:45.999][upkg.c    -L0469-Unpack8583Field-35148] 域值:
[15-08-31 10:27:45.999][upkg.c    -L0470-Unpack8583Field-35148] ++++++++++++++ length[124] ++++++++++++++
0000:30 33 32 39 74 72 61 63  65 7A 64 5F 30 31 31 00  00 06 30 30 30 30 30 31  0329trac ezd_011. ..000001 
0024:74 65 72 6D 69 64 5F 30  34 31 00 00 08 33 39 31  30 38 35 39 36 69 64 63  termid_0 41...391 08596idc 
0048:6F 64 65 5F 30 34 32 00  00 0F 38 39 38 33 35 30  31 35 34 31 31 30 30 34  ode_042. ..898350 15411004 
0072:38 6D 73 67 69 6E 64 5F  30 36 30 00 00 0B 30 30  30 30 30 30 30 31 30 30  8msgind_ 060...00 00000100 
0096:33 64 65 73 74 63 64 5F  30 36 33 00 00 03 30 31  20 33 33 33 33 33 33 33  3destcd_ 063...01  3333333 
0120:33 33 33 33                                                                3333
------------------------------------------------------------------------------------------------------------
[15-08-31 10:27:45.999][upkg.c    -L0389-ConvertFieldValue-35148] 子报文开始....
[15-08-31 10:27:45.999][upkg.c    -L0136-LoadPkgFile    -35148] pkgid[cupshead], pkgName[CUPS报文头,包含拒绝码], pkgType[FIXED] pkgMsgFmt[] ePkgType[2] fieldCount[23]
[15-08-31 10:27:45.999][upkg.c    -L0139-LoadPkgFile    -35148] ========开始读取域配置========
[15-08-31 10:27:46.030][upkg.c    -L0312-LoadPkgFile    -35148] ========结束读取域配置========
[15-08-31 10:27:46.030][upkg.c    -L0553-UpkgFIXED      -35148] UpkgFIXED begin...pkgId=[cupshead],pkgFile=[D:\program\git\upkg/pkg/cupsHeadReject.pkg], buffer: 
[15-08-31 10:27:46.030][upkg.c    -L0554-UpkgFIXED      -35148] ++++++++++++++ length[248] ++++++++++++++
0000:33 30 33 33 33 32 33 39  37 34 37 32 36 31 36 33  36 35 37 41 36 34 35 46  30333239 74726163 657A645F 
0024:33 30 33 31 33 31 30 30  30 30 30 36 33 30 33 30  33 30 33 30 33 30 33 31  30313100 00063030 30303031 
0048:37 34 36 35 37 32 36 44  36 39 36 34 35 46 33 30  33 34 33 31 30 30 30 30  7465726D 69645F30 34310000 
0072:30 38 33 33 33 39 33 31  33 30 33 38 33 35 33 39  33 36 36 39 36 34 36 33  08333931 30383539 36696463 
0096:36 46 36 34 36 35 35 46  33 30 33 34 33 32 30 30  30 30 30 46 33 38 33 39  6F64655F 30343200 000F3839 
0120:33 38 33 33 33 35 33 30  33 31 33 35 33 34 33 31  33 31 33 30 33 30 33 34  38333530 31353431 31303034 
0144:33 38 36 44 37 33 36 37  36 39 36 45 36 34 35 46  33 30 33 36 33 30 30 30  386D7367 696E645F 30363000 
0168:30 30 30 42 33 30 33 30  33 30 33 30 33 30 33 30  33 30 33 31 33 30 33 30  000B3030 30303030 30313030 
0192:33 33 36 34 36 35 37 33  37 34 36 33 36 34 35 46  33 30 33 36 33 33 30 30  33646573 7463645F 30363300 
0216:30 30 30 33 33 30 33 31  32 30 33 33 33 33 33 33  33 33 33 33 33 33 33 33  00033031 20333333 33333333 
0240:33 33 33 33 33 33 33 33                                                    33333333 
------------------------------------------------------------------------------------------------------------
[15-08-31 10:27:46.030][upkg.c    -L0561-UpkgFIXED      -35148] 域: 1 ...
[15-08-31 10:27:46.030][upkg.c    -L0565-UpkgFIXED      -35148] 域值长度[4],域值编码类型[ASCIIHEX],取域值报文实际长度=[8]
[15-08-31 10:27:46.030][upkg.c    -L0571-UpkgFIXED      -35148] 域值:
[15-08-31 10:27:46.030][upkg.c    -L0572-UpkgFIXED      -35148] ++++++++++++++ length[8] ++++++++++++++
0000:33 30 33 33 33 32 33 39                                                    30333239 
------------------------------------------------------------------------------------------------------------
[15-08-31 10:27:46.030][upkg.c    -L0588-UpkgFIXED      -35148] Field 1, [通信长度][4][0329]
[15-08-31 10:27:46.030][upkg.c    -L0600-UpkgFIXED      -35148] 域: 1 end.
[15-08-31 10:27:46.030][upkg.c    -L0561-UpkgFIXED      -35148] 域: 2 ...
[15-08-31 10:27:46.030][upkg.c    -L0565-UpkgFIXED      -35148] 域值长度[1],域值编码类型[ASCIIHEX],取域值报文实际长度=[2]
[15-08-31 10:27:46.030][upkg.c    -L0571-UpkgFIXED      -35148] 域值:
[15-08-31 10:27:46.030][upkg.c    -L0572-UpkgFIXED      -35148] ++++++++++++++ length[2] ++++++++++++++
0000:37 34                                                                      74
------------------------------------------------------------------------------------------------------------
[15-08-31 10:27:46.030][upkg.c    -L0588-UpkgFIXED      -35148] Field 2, [头长度][1][116]
[15-08-31 10:27:46.030][upkg.c    -L0600-UpkgFIXED      -35148] 域: 2 end.
[15-08-31 10:27:46.030][upkg.c    -L0561-UpkgFIXED      -35148] 域: 3 ...
[15-08-31 10:27:46.030][upkg.c    -L0565-UpkgFIXED      -35148] 域值长度[1],域值编码类型[ASCIIHEX],取域值报文实际长度=[2]
[15-08-31 10:27:46.030][upkg.c    -L0571-UpkgFIXED      -35148] 域值:
[15-08-31 10:27:46.030][upkg.c    -L0572-UpkgFIXED      -35148] ++++++++++++++ length[2] ++++++++++++++
0000:37 32                                                                      72
------------------------------------------------------------------------------------------------------------
[15-08-31 10:27:46.030][upkg.c    -L0588-UpkgFIXED      -35148] Field 3, [头标识和版本号][1][72]
[15-08-31 10:27:46.030][upkg.c    -L0600-UpkgFIXED      -35148] 域: 3 end.
[15-08-31 10:27:46.030][upkg.c    -L0561-UpkgFIXED      -35148] 域: 4 ...
[15-08-31 10:27:46.030][upkg.c    -L0565-UpkgFIXED      -35148] 域值长度[4],域值编码类型[ASCIIHEX],取域值报文实际长度=[8]
[15-08-31 10:27:46.030][upkg.c    -L0571-UpkgFIXED      -35148] 域值:
[15-08-31 10:27:46.030][upkg.c    -L0572-UpkgFIXED      -35148] ++++++++++++++ length[8] ++++++++++++++
0000:36 31 36 33 36 35 37 41                                                    6163657A 
------------------------------------------------------------------------------------------------------------
[15-08-31 10:27:46.030][upkg.c    -L0588-UpkgFIXED      -35148] Field 4, [整个报文长度][4][acez]
[15-08-31 10:27:46.030][upkg.c    -L0600-UpkgFIXED      -35148] 域: 4 end.
[15-08-31 10:27:46.030][upkg.c    -L0561-UpkgFIXED      -35148] 域: 5 ...
[15-08-31 10:27:46.030][upkg.c    -L0565-UpkgFIXED      -35148] 域值长度[11],域值编码类型[ASCIIHEX],取域值报文实际长度=[22]
[15-08-31 10:27:46.030][upkg.c    -L0571-UpkgFIXED      -35148] 域值:
[15-08-31 10:27:46.030][upkg.c    -L0572-UpkgFIXED      -35148] ++++++++++++++ length[22] ++++++++++++++
0000:36 34 35 46 33 30 33 31  33 31 30 30 30 30 30 36  33 30 33 30 33 30        645F3031 31000006 303030
------------------------------------------------------------------------------------------------------------
[15-08-31 10:27:46.030][upkg.c    -L0588-UpkgFIXED      -35148] Field 5, [目的ID][11][d_011]
[15-08-31 10:27:46.030][upkg.c    -L0600-UpkgFIXED      -35148] 域: 5 end.
[15-08-31 10:27:46.030][upkg.c    -L0561-UpkgFIXED      -35148] 域: 6 ...
[15-08-31 10:27:46.030][upkg.c    -L0565-UpkgFIXED      -35148] 域值长度[11],域值编码类型[ASCIIHEX],取域值报文实际长度=[22]
[15-08-31 10:27:46.030][upkg.c    -L0571-UpkgFIXED      -35148] 域值:
[15-08-31 10:27:46.030][upkg.c    -L0572-UpkgFIXED      -35148] ++++++++++++++ length[22] ++++++++++++++
0000:33 30 33 30 33 31 37 34  36 35 37 32 36 44 36 39  36 34 35 46 33 30        30303174 65726D69 645F30
------------------------------------------------------------------------------------------------------------
[15-08-31 10:27:46.030][upkg.c    -L0588-UpkgFIXED      -35148] Field 6, [源ID][11][001termid_0]
[15-08-31 10:27:46.030][upkg.c    -L0600-UpkgFIXED      -35148] 域: 6 end.
[15-08-31 10:27:46.030][upkg.c    -L0561-UpkgFIXED      -35148] 域: 7 ...
[15-08-31 10:27:46.030][upkg.c    -L0565-UpkgFIXED      -35148] 域值长度[3],域值编码类型[ASCIIHEX],取域值报文实际长度=[6]
[15-08-31 10:27:46.030][upkg.c    -L0571-UpkgFIXED      -35148] 域值:
[15-08-31 10:27:46.030][upkg.c    -L0572-UpkgFIXED      -35148] ++++++++++++++ length[6] ++++++++++++++
0000:33 34 33 31 30 30                                                          343100
------------------------------------------------------------------------------------------------------------
[15-08-31 10:27:46.030][upkg.c    -L0588-UpkgFIXED      -35148] Field 7, [保留使用][3][343100]
[15-08-31 10:27:46.030][upkg.c    -L0600-UpkgFIXED      -35148] 域: 7 end.
[15-08-31 10:27:46.030][upkg.c    -L0561-UpkgFIXED      -35148] 域: 8 ...
[15-08-31 10:27:46.030][upkg.c    -L0565-UpkgFIXED      -35148] 域值长度[1],域值编码类型[ASCIIHEX],取域值报文实际长度=[2]
[15-08-31 10:27:46.030][upkg.c    -L0571-UpkgFIXED      -35148] 域值:
[15-08-31 10:27:46.030][upkg.c    -L0572-UpkgFIXED      -35148] ++++++++++++++ length[2] ++++++++++++++
0000:30 30                                                                      00
------------------------------------------------------------------------------------------------------------
[15-08-31 10:27:46.030][upkg.c    -L0588-UpkgFIXED      -35148] Field 8, [批次号][1][00]
[15-08-31 10:27:46.043][upkg.c    -L0600-UpkgFIXED      -35148] 域: 8 end.
[15-08-31 10:27:46.043][upkg.c    -L0561-UpkgFIXED      -35148] 域: 9 ...
[15-08-31 10:27:46.043][upkg.c    -L0565-UpkgFIXED      -35148] 域值长度[8],域值编码类型[ASCIIHEX],取域值报文实际长度=[16]
[15-08-31 10:27:46.044][upkg.c    -L0571-UpkgFIXED      -35148] 域值:
[15-08-31 10:27:46.044][upkg.c    -L0572-UpkgFIXED      -35148] ++++++++++++++ length[16] ++++++++++++++
0000:30 38 33 33 33 39 33 31  33 30 33 38 33 35 33 39                           08333931 30383539 
------------------------------------------------------------------------------------------------------------
[15-08-31 10:27:46.044][upkg.c    -L0588-UpkgFIXED      -35148] Field 9, [交易信息][8][3910859]
[15-08-31 10:27:46.044][upkg.c    -L0600-UpkgFIXED      -35148] 域: 9 end.
[15-08-31 10:27:46.044][upkg.c    -L0561-UpkgFIXED      -35148] 域: 10 ...
[15-08-31 10:27:46.045][upkg.c    -L0565-UpkgFIXED      -35148] 域值长度[1],域值编码类型[ASCIIHEX],取域值报文实际长度=[2]
[15-08-31 10:27:46.045][upkg.c    -L0571-UpkgFIXED      -35148] 域值:
[15-08-31 10:27:46.045][upkg.c    -L0572-UpkgFIXED      -35148] ++++++++++++++ length[2] ++++++++++++++
0000:33 36                                                                      36
------------------------------------------------------------------------------------------------------------
[15-08-31 10:27:46.045][upkg.c    -L0588-UpkgFIXED      -35148] Field 10, [用户信息][1][6]
[15-08-31 10:27:46.046][upkg.c    -L0600-UpkgFIXED      -35148] 域: 10 end.
[15-08-31 10:27:46.046][upkg.c    -L0561-UpkgFIXED      -35148] 域: 11 ...
[15-08-31 10:27:46.046][upkg.c    -L0565-UpkgFIXED      -35148] 域值长度[5],域值编码类型[ASCIIHEX],取域值报文实际长度=[10]
[15-08-31 10:27:46.046][upkg.c    -L0571-UpkgFIXED      -35148] 域值:
[15-08-31 10:27:46.046][upkg.c    -L0572-UpkgFIXED      -35148] ++++++++++++++ length[10] ++++++++++++++
0000:36 39 36 34 36 33 36 46  36 34                                             6964636F 64
------------------------------------------------------------------------------------------------------------
[15-08-31 10:27:46.047][upkg.c    -L0588-UpkgFIXED      -35148] Field 11, [拒绝码][5][idcod]
[15-08-31 10:27:46.047][upkg.c    -L0600-UpkgFIXED      -35148] 域: 11 end.
[15-08-31 10:27:46.047][upkg.c    -L0561-UpkgFIXED      -35148] 域: 13 ...
[15-08-31 10:27:46.047][upkg.c    -L0565-UpkgFIXED      -35148] 域值长度[1],域值编码类型[ASCIIHEX],取域值报文实际长度=[2]
[15-08-31 10:27:46.048][upkg.c    -L0571-UpkgFIXED      -35148] 域值:
[15-08-31 10:27:46.048][upkg.c    -L0572-UpkgFIXED      -35148] ++++++++++++++ length[2] ++++++++++++++
0000:36 35                                                                      65
------------------------------------------------------------------------------------------------------------
[15-08-31 10:27:46.048][upkg.c    -L0588-UpkgFIXED      -35148] Field 13, [头长度][1][101]
[15-08-31 10:27:46.048][upkg.c    -L0600-UpkgFIXED      -35148] 域: 13 end.
[15-08-31 10:27:46.049][upkg.c    -L0561-UpkgFIXED      -35148] 域: 14 ...
[15-08-31 10:27:46.049][upkg.c    -L0565-UpkgFIXED      -35148] 域值长度[1],域值编码类型[ASCIIHEX],取域值报文实际长度=[2]
[15-08-31 10:27:46.049][upkg.c    -L0571-UpkgFIXED      -35148] 域值:
[15-08-31 10:27:46.049][upkg.c    -L0572-UpkgFIXED      -35148] ++++++++++++++ length[2] ++++++++++++++
0000:35 46                                                                      5F
------------------------------------------------------------------------------------------------------------
[15-08-31 10:27:46.049][upkg.c    -L0588-UpkgFIXED      -35148] Field 14, [头标识和版本号][1][5F]
[15-08-31 10:27:46.050][upkg.c    -L0600-UpkgFIXED      -35148] 域: 14 end.
[15-08-31 10:27:46.050][upkg.c    -L0561-UpkgFIXED      -35148] 域: 15 ...
[15-08-31 10:27:46.050][upkg.c    -L0565-UpkgFIXED      -35148] 域值长度[4],域值编码类型[ASCIIHEX],取域值报文实际长度=[8]
[15-08-31 10:27:46.050][upkg.c    -L0571-UpkgFIXED      -35148] 域值:
[15-08-31 10:27:46.050][upkg.c    -L0572-UpkgFIXED      -35148] ++++++++++++++ length[8] ++++++++++++++
0000:33 30 33 34 33 32 30 30                                                    30343200 
------------------------------------------------------------------------------------------------------------
[15-08-31 10:27:46.051][upkg.c    -L0588-UpkgFIXED      -35148] Field 15, [整个报文长度][4][042]
[15-08-31 10:27:46.051][upkg.c    -L0600-UpkgFIXED      -35148] 域: 15 end.
[15-08-31 10:27:46.051][upkg.c    -L0561-UpkgFIXED      -35148] 域: 16 ...
[15-08-31 10:27:46.051][upkg.c    -L0565-UpkgFIXED      -35148] 域值长度[11],域值编码类型[ASCIIHEX],取域值报文实际长度=[22]
[15-08-31 10:27:46.052][upkg.c    -L0571-UpkgFIXED      -35148] 域值:
[15-08-31 10:27:46.052][upkg.c    -L0572-UpkgFIXED      -35148] ++++++++++++++ length[22] ++++++++++++++
0000:30 30 30 46 33 38 33 39  33 38 33 33 33 35 33 30  33 31 33 35 33 34        000F3839 38333530 313534
------------------------------------------------------------------------------------------------------------
[15-08-31 10:27:46.052][upkg.c    -L0588-UpkgFIXED      -35148] Field 16, [目的ID][11][]
[15-08-31 10:27:46.052][upkg.c    -L0600-UpkgFIXED      -35148] 域: 16 end.
[15-08-31 10:27:46.053][upkg.c    -L0561-UpkgFIXED      -35148] 域: 17 ...
[15-08-31 10:27:46.053][upkg.c    -L0565-UpkgFIXED      -35148] 域值长度[11],域值编码类型[ASCIIHEX],取域值报文实际长度=[22]
[15-08-31 10:27:46.053][upkg.c    -L0571-UpkgFIXED      -35148] 域值:
[15-08-31 10:27:46.053][upkg.c    -L0572-UpkgFIXED      -35148] ++++++++++++++ length[22] ++++++++++++++
0000:33 31 33 31 33 30 33 30  33 34 33 38 36 44 37 33  36 37 36 39 36 45        31313030 34386D73 67696E
------------------------------------------------------------------------------------------------------------
[15-08-31 10:27:46.053][upkg.c    -L0588-UpkgFIXED      -35148] Field 17, [源ID][11][110048msgin]
[15-08-31 10:27:46.054][upkg.c    -L0600-UpkgFIXED      -35148] 域: 17 end.
[15-08-31 10:27:46.054][upkg.c    -L0561-UpkgFIXED      -35148] 域: 18 ...
[15-08-31 10:27:46.054][upkg.c    -L0565-UpkgFIXED      -35148] 域值长度[3],域值编码类型[ASCIIHEX],取域值报文实际长度=[6]
[15-08-31 10:27:46.054][upkg.c    -L0571-UpkgFIXED      -35148] 域值:
[15-08-31 10:27:46.055][upkg.c    -L0572-UpkgFIXED      -35148] ++++++++++++++ length[6] ++++++++++++++
0000:36 34 35 46 33 30                                                          645F30
------------------------------------------------------------------------------------------------------------
[15-08-31 10:27:46.055][upkg.c    -L0588-UpkgFIXED      -35148] Field 18, [保留使用][3][645F30]
[15-08-31 10:27:46.055][upkg.c    -L0600-UpkgFIXED      -35148] 域: 18 end.
[15-08-31 10:27:46.055][upkg.c    -L0561-UpkgFIXED      -35148] 域: 19 ...
[15-08-31 10:27:46.055][upkg.c    -L0565-UpkgFIXED      -35148] 域值长度[1],域值编码类型[ASCIIHEX],取域值报文实际长度=[2]
[15-08-31 10:27:46.056][upkg.c    -L0571-UpkgFIXED      -35148] 域值:
[15-08-31 10:27:46.056][upkg.c    -L0572-UpkgFIXED      -35148] ++++++++++++++ length[2] ++++++++++++++
0000:33 36                                                                      36
------------------------------------------------------------------------------------------------------------
[15-08-31 10:27:46.056][upkg.c    -L0588-UpkgFIXED      -35148] Field 19, [批次号][1][36]
[15-08-31 10:27:46.056][upkg.c    -L0600-UpkgFIXED      -35148] 域: 19 end.
[15-08-31 10:27:46.056][upkg.c    -L0561-UpkgFIXED      -35148] 域: 20 ...
[15-08-31 10:27:46.056][upkg.c    -L0565-UpkgFIXED      -35148] 域值长度[8],域值编码类型[ASCIIHEX],取域值报文实际长度=[16]
[15-08-31 10:27:46.056][upkg.c    -L0571-UpkgFIXED      -35148] 域值:
[15-08-31 10:27:46.056][upkg.c    -L0572-UpkgFIXED      -35148] ++++++++++++++ length[16] ++++++++++++++
0000:33 30 30 30 30 30 30 42  33 30 33 30 33 30 33 30                           3000000B 30303030 
------------------------------------------------------------------------------------------------------------
[15-08-31 10:27:46.056][upkg.c    -L0588-UpkgFIXED      -35148] Field 20, [交易信息][8][0]
[15-08-31 10:27:46.056][upkg.c    -L0600-UpkgFIXED      -35148] 域: 20 end.
[15-08-31 10:27:46.056][upkg.c    -L0561-UpkgFIXED      -35148] 域: 21 ...
[15-08-31 10:27:46.056][upkg.c    -L0565-UpkgFIXED      -35148] 域值长度[1],域值编码类型[ASCIIHEX],取域值报文实际长度=[2]
[15-08-31 10:27:46.056][upkg.c    -L0571-UpkgFIXED      -35148] 域值:
[15-08-31 10:27:46.056][upkg.c    -L0572-UpkgFIXED      -35148] ++++++++++++++ length[2] ++++++++++++++
0000:33 30                                                                      30
------------------------------------------------------------------------------------------------------------
[15-08-31 10:27:46.056][upkg.c    -L0588-UpkgFIXED      -35148] Field 21, [用户信息][1][0]
[15-08-31 10:27:46.056][upkg.c    -L0600-UpkgFIXED      -35148] 域: 21 end.
[15-08-31 10:27:46.056][upkg.c    -L0561-UpkgFIXED      -35148] 域: 22 ...
[15-08-31 10:27:46.056][upkg.c    -L0565-UpkgFIXED      -35148] 域值长度[5],域值编码类型[ASCIIHEX],取域值报文实际长度=[10]
[15-08-31 10:27:46.056][upkg.c    -L0571-UpkgFIXED      -35148] 域值:
[15-08-31 10:27:46.056][upkg.c    -L0572-UpkgFIXED      -35148] ++++++++++++++ length[10] ++++++++++++++
0000:33 30 33 30 33 31 33 30  33 30                                             30303130 30
------------------------------------------------------------------------------------------------------------
[15-08-31 10:27:46.056][upkg.c    -L0588-UpkgFIXED      -35148] Field 22, [拒绝码][5][00100]
[15-08-31 10:27:46.056][upkg.c    -L0600-UpkgFIXED      -35148] 域: 22 end.
[15-08-31 10:27:46.056][upkg.c    -L0561-UpkgFIXED      -35148] 域: 23 ...
[15-08-31 10:27:46.056][upkg.c    -L0565-UpkgFIXED      -35148] 域值长度[4],域值编码类型[ASCIIHEX],取域值报文实际长度=[8]
[15-08-31 10:27:46.056][upkg.c    -L0571-UpkgFIXED      -35148] 域值:
[15-08-31 10:27:46.056][upkg.c    -L0572-UpkgFIXED      -35148] ++++++++++++++ length[8] ++++++++++++++
0000:33 33 36 34 36 35 37 33                                                    33646573 
------------------------------------------------------------------------------------------------------------
[15-08-31 10:27:46.056][upkg.c    -L0588-UpkgFIXED      -35148] Field 23, [报文类型][4][3des]
[15-08-31 10:27:46.056][upkg.c    -L0600-UpkgFIXED      -35148] 域: 23 end.
[15-08-31 10:27:46.056][upkg.c    -L0608-UpkgFIXED      -35148] UpkgFIXED end...
[15-08-31 10:27:46.056][upkg.c    -L0407-ConvertFieldValue-35148] 子报文结束....
[15-08-31 10:27:46.056][upkg.c    -L0495-Unpack8583Field-35148] Field 0, [HEAD][124][3033323974726163657A645F3031310000063030303030317465726D69645F30343100000833393130383539366964636F64655F30343200000F3839383335303135343131303034386D7367696E645F30363000000B30303030303030313030336465737463645F3036330000033031203333333333333333333333]
[15-08-31 10:27:46.056][upkg.c    -L0507-Unpack8583Field-35148] 域 0 end.
[15-08-31 10:27:46.056][upkg.c    -L0416-Unpack8583Field-35148] 域 1: 
[15-08-31 10:27:46.056][upkg.c    -L0460-Unpack8583Field-35148] 域值长度[16],域值编码类型[BYTE],取域值报文实际长度=[16]
[15-08-31 10:27:46.056][upkg.c    -L0464-Unpack8583Field-35148] offset=[124],报文长度[135]不足
[15-08-31 10:27:46.056][upkg.c    -L0525-Upkg8583       -35148] 解包 1 域失败
[15-08-31 10:27:46.056][upkg.c    -L0773-UpkgMain       -35148] ret = -12, offset=[124],报文长度[135]不足
[15-08-31 10:27:46.056][upkg.c    -L0791-Unpack         -35148] 
[域 000.HEAD                     ][长度 124][3033323974726163657A645F3031310000063030303030317465726D69645F30343100000833393130383539366964636F64655F30343200000F3839383335303135343131303034386D7367696E645F30363000000B30303030303030313030336465737463645F3036330000033031203333333333333333333333]
    [域 001.通信长度                 ][长度 004][0329]
    [域 002.头长度                   ][长度 001][116]
    [域 003.头标识和版本号           ][长度 001][72]
    [域 004.整个报文长度             ][长度 004][acez]
    [域 005.目的ID                   ][长度 011][d_011]
    [域 006.源ID                     ][长度 011][001termid_0]
    [域 007.保留使用                 ][长度 003][343100]
    [域 008.批次号                   ][长度 001][00]
    [域 009.交易信息                 ][长度 008][3910859]
    [域 010.用户信息                 ][长度 001][6]
    [域 011.拒绝码                   ][长度 005][idcod]
    [域 013.头长度                   ][长度 001][101]
    [域 014.头标识和版本号           ][长度 001][5F]
    [域 015.整个报文长度             ][长度 004][042]
    [域 016.目的ID                   ][长度 011][]
    [域 017.源ID                     ][长度 011][110048msgin]
    [域 018.保留使用                 ][长度 003][645F30]
    [域 019.批次号                   ][长度 001][36]
    [域 020.交易信息                 ][长度 008][0]
    [域 021.用户信息                 ][长度 001][0]
    [域 022.拒绝码                   ][长度 005][00100]
    [域 023.报文类型                 ][长度 004][3des]

[15-08-31 10:30:00.672][upkg.c    -L0136-LoadPkgFile    -05280] pkgid[CUPS1], pkgName[CUPS,有拒绝码], pkgType[8583] pkgMsgFmt[AsciiHexToByte] ePkgType[1] fieldCount[129]
[15-08-31 10:30:00.672][upkg.c    -L0139-LoadPkgFile    -05280] ========开始读取域配置========
[15-08-31 10:30:00.829][upkg.c    -L0312-LoadPkgFile    -05280] ========结束读取域配置========
[15-08-31 10:30:00.829][upkg.c    -L0513-Upkg8583       -05280] Upkg8583 begin...pkgId=[CUPS1],pkgFile=[../pkg/cupsReject.pkg], buffer: 
[15-08-31 10:30:00.829][upkg.c    -L0514-Upkg8583       -05280] ++++++++++++++ length[4] ++++++++++++++
0000:30 33 32 39                                                                0329
------------------------------------------------------------------------------------------------------------
[15-08-31 10:30:00.829][upkg.c    -L0416-Unpack8583Field-05280] 域 0: 
[15-08-31 10:30:00.829][upkg.c    -L0460-Unpack8583Field-05280] 域值长度[124],域值编码类型[BYTE],取域值报文实际长度=[124]
[15-08-31 10:30:00.829][upkg.c    -L0464-Unpack8583Field-05280] offset=[0],报文长度[4]不足
[15-08-31 10:30:00.829][upkg.c    -L0519-Upkg8583       -05280] 解包 0 域失败
[15-08-31 10:30:00.829][upkg.c    -L0773-UpkgMain       -05280] ret = -12, offset=[0],报文长度[4]不足
[15-08-31 10:30:00.829][upkg.c    -L0791-Unpack         -05280] 

[15-08-31 10:35:17.405][upkg.c    -L0136-LoadPkgFile    -13720] pkgid[CUPS1], pkgName[CUPS,有拒绝码], pkgType[8583] pkgMsgFmt[AsciiHexToByte] ePkgType[1] fieldCount[129]
[15-08-31 10:35:17.405][upkg.c    -L0139-LoadPkgFile    -13720] ========开始读取域配置========
[15-08-31 10:35:17.561][upkg.c    -L0312-LoadPkgFile    -13720] ========结束读取域配置========
[15-08-31 10:35:17.561][upkg.c    -L0513-Upkg8583       -13720] Upkg8583 begin...pkgId=[CUPS1],pkgFile=[../pkg/cupsReject.pkg], buffer: 
[15-08-31 10:35:17.561][upkg.c    -L0514-Upkg8583       -13720] ++++++++++++++ length[4] ++++++++++++++
0000:30 33 32 39                                                                0329
------------------------------------------------------------------------------------------------------------
[15-08-31 10:35:17.561][upkg.c    -L0416-Unpack8583Field-13720] 域 0: 
[15-08-31 10:35:17.561][upkg.c    -L0460-Unpack8583Field-13720] 域值长度[124],域值编码类型[BYTE],取域值报文实际长度=[124]
[15-08-31 10:35:17.561][upkg.c    -L0464-Unpack8583Field-13720] offset=[0],报文长度[4]不足,域值报文实际长度=124
[15-08-31 10:35:17.561][upkg.c    -L0519-Upkg8583       -13720] 解包 0 域失败, ret=-33
[15-08-31 10:35:17.561][upkg.c    -L0773-UpkgMain       -13720] ret = -12, offset=[0],报文长度[4]不足,域值报文实际长度=124
[15-08-31 10:35:17.561][upkg.c    -L0791-Unpack         -13720] 

