[15-08-31 10:58:02.003][upkg.c    -L0136-LoadPkgFile    -19540] pkgid[101], pkgName[POS], pkgType[8583] pkgMsgFmt[AsciiHexToByte] ePkgType[1] fieldCount[129]
[15-08-31 10:58:02.003][upkg.c    -L0139-LoadPkgFile    -19540] ========开始读取域配置========
[15-08-31 10:58:02.065][upkg.c    -L0312-LoadPkgFile    -19540] ========结束读取域配置========
[15-08-31 10:58:02.081][upkg.c    -L0513-Upkg8583       -19540] Upkg8583 begin...pkgId=[101],pkgFile=[d:\program\git\upkg\pkg\pos.pkg], buffer: 
[15-08-31 10:58:02.081][upkg.c    -L0514-Upkg8583       -19540] ++++++++++++++ length[245] ++++++++++++++
0000:00 F3 60 00 03 83 71 60  31 00 31 07 00 03 20 50  20 06 00 00 C0 02 14 19  ..`...q` 1.1... P  ....... 
0024:62 12 26 33 01 00 45 40  03 40 00 00 00 00 49 80  01 45 09 07 10 00 01 38  b.&3..E@ .@....I. .E.....8 
0048:38 30 31 35 35 38 37 38  39 38 32 31 30 31 35 34  31 31 33 34 38 31 01 41  80155878 98210154 113481.A 
0072:9F 26 08 85 22 51 D2 67  A1 27 1C 9F 10 13 07 01  01 03 A0 20 00 01 0A 01  .&.."Q.g .'...... ... .... 
0096:00 00 00 00 00 CC F2 7C  AF 9F 37 04 32 66 F7 8A  9F 36 02 00 54 95 05 00  .......| ..7.2f.. .6..T... 
0120:00 00 00 00 9A 03 14 06  26 9C 01 00 9F 02 06 00  00 00 00 49 80 5F 2A 02  ........ &....... ...I._*. 
0144:01 56 82 02 7C 00 9F 1A  02 01 56 9F 03 06 00 00  00 00 00 00 9F 33 03 E0  .V..|... ..V..... .....3.. 
0168:E1 C8 9F 34 03 02 00 00  9F 35 01 22 9F 1E 08 30  31 36 38 32 36 38 39 84  ...4.... .5."...0 1682689. 
0192:08 A0 00 00 03 33 01 01  01 9F 09 02 00 20 9F 41  04 00 01 45 09 00 13 00  .....3.. ..... .A ...E.... 
0216:00 29 53 20 36 00 00 21  36 31 30 30 30 30 30 30  30 30 30 30 30 30 34 39  .)S 6..! 61000000 00000049 
0240:38 30 31 35 36                                                             80156
------------------------------------------------------------------------------------------------------------
[15-08-31 10:58:02.081][upkg.c    -L0416-Unpack8583Field-19540] 域 0: 
[15-08-31 10:58:02.081][upkg.c    -L0460-Unpack8583Field-19540] 域值长度[15],域值编码类型[BYTE],取域值报文实际长度=[15]
[15-08-31 10:58:02.081][upkg.c    -L0469-Unpack8583Field-19540] 域值:
[15-08-31 10:58:02.081][upkg.c    -L0470-Unpack8583Field-19540] ++++++++++++++ length[15] ++++++++++++++
0000:00 F3 60 00 03 83 71 60  31 00 31 07 00 03 20                              ..`...q` 1.1... 
------------------------------------------------------------------------------------------------------------
[15-08-31 10:58:02.081][upkg.c    -L0389-ConvertFieldValue-19540] 子报文开始....
[15-08-31 10:58:02.081][upkg.c    -L0109-LoadPkgFile    -19540] [../pkg/poshead.pkg] pkgType [FIXEDE] 无效
[15-08-31 10:58:02.081][upkg.c    -L0403-ConvertFieldValue-19540] 子报文处理失败, [../pkg/poshead.pkg] pkgType [FIXEDE] 无效. 查看[D:\program\git\upkg\log/pos.log]
[15-08-31 10:58:02.081][upkg.c    -L0407-ConvertFieldValue-19540] 子报文结束....
[15-08-31 10:58:02.081][upkg.c    -L0495-Unpack8583Field-19540] Field 0, [头][15][00F360000383716031003107000320]
[15-08-31 10:58:02.081][upkg.c    -L0507-Unpack8583Field-19540] 域 0 end.
[15-08-31 10:58:02.081][upkg.c    -L0416-Unpack8583Field-19540] 域 1: 
[15-08-31 10:58:02.081][upkg.c    -L0460-Unpack8583Field-19540] 域值长度[8],域值编码类型[BYTE],取域值报文实际长度=[8]
[15-08-31 10:58:02.081][upkg.c    -L0469-Unpack8583Field-19540] 域值:
[15-08-31 10:58:02.081][upkg.c    -L0470-Unpack8583Field-19540] ++++++++++++++ length[8] ++++++++++++++
0000:50 20 06 00 00 C0 02 14                                                    P ...... 
------------------------------------------------------------------------------------------------------------
[15-08-31 10:58:02.081][upkg.c    -L0495-Unpack8583Field-19540] Field 1, [BitMap][8][5020060000C00214]
[15-08-31 10:58:02.081][upkg.c    -L0507-Unpack8583Field-19540] 域 1 end.
[15-08-31 10:58:02.081][upkg.c    -L0416-Unpack8583Field-19540] 域 2: 
[15-08-31 10:58:02.081][upkg.c    -L0436-Unpack8583Field-19540] 域长度类型:[LLVAR],域长度编码类型[BCD]，域长度的实际长度=[1], 域长度: 
[15-08-31 10:58:02.081][upkg.c    -L0446-Unpack8583Field-19540] ++++++++++++++ length[1] ++++++++++++++
0000:19                                                                         .
------------------------------------------------------------------------------------------------------------
[15-08-31 10:58:02.081][upkg.c    -L0454-Unpack8583Field-19540] 域值长度: [19]
[15-08-31 10:58:02.081][upkg.c    -L0460-Unpack8583Field-19540] 域值长度[19],域值编码类型[BCD],取域值报文实际长度=[10]
[15-08-31 10:58:02.081][upkg.c    -L0469-Unpack8583Field-19540] 域值:
[15-08-31 10:58:02.081][upkg.c    -L0470-Unpack8583Field-19540] ++++++++++++++ length[10] ++++++++++++++
0000:62 12 26 33 01 00 45 40  03 40                                             b.&3..E@ .@
------------------------------------------------------------------------------------------------------------
[15-08-31 10:58:02.081][upkg.c    -L0495-Unpack8583Field-19540] Field 2, [卡号][19][62122633010045400340]
[15-08-31 10:58:02.081][upkg.c    -L0507-Unpack8583Field-19540] 域 2 end.
[15-08-31 10:58:02.081][upkg.c    -L0416-Unpack8583Field-19540] 域 4: 
[15-08-31 10:58:02.081][upkg.c    -L0460-Unpack8583Field-19540] 域值长度[12],域值编码类型[BCD],取域值报文实际长度=[6]
[15-08-31 10:58:02.081][upkg.c    -L0469-Unpack8583Field-19540] 域值:
[15-08-31 10:58:02.081][upkg.c    -L0470-Unpack8583Field-19540] ++++++++++++++ length[6] ++++++++++++++
0000:00 00 00 00 49 80                                                          ....I.
------------------------------------------------------------------------------------------------------------
[15-08-31 10:58:02.081][upkg.c    -L0495-Unpack8583Field-19540] Field 4, [交易金额][12][000000004980]
[15-08-31 10:58:02.081][upkg.c    -L0507-Unpack8583Field-19540] 域 4 end.
[15-08-31 10:58:02.081][upkg.c    -L0416-Unpack8583Field-19540] 域 11: 
[15-08-31 10:58:02.081][upkg.c    -L0460-Unpack8583Field-19540] 域值长度[6],域值编码类型[BCD],取域值报文实际长度=[3]
[15-08-31 10:58:02.081][upkg.c    -L0469-Unpack8583Field-19540] 域值:
[15-08-31 10:58:02.081][upkg.c    -L0470-Unpack8583Field-19540] ++++++++++++++ length[3] ++++++++++++++
0000:01 45 09                                                                   .E.
------------------------------------------------------------------------------------------------------------
[15-08-31 10:58:02.081][upkg.c    -L0495-Unpack8583Field-19540] Field 11, [系统跟踪号][6][014509]
[15-08-31 10:58:02.081][upkg.c    -L0507-Unpack8583Field-19540] 域 11 end.
[15-08-31 10:58:02.081][upkg.c    -L0416-Unpack8583Field-19540] 域 22: 
[15-08-31 10:58:02.081][upkg.c    -L0460-Unpack8583Field-19540] 域值长度[3],域值编码类型[BCD],取域值报文实际长度=[2]
[15-08-31 10:58:02.081][upkg.c    -L0469-Unpack8583Field-19540] 域值:
[15-08-31 10:58:02.081][upkg.c    -L0470-Unpack8583Field-19540] ++++++++++++++ length[2] ++++++++++++++
0000:07 10                                                                      ..
------------------------------------------------------------------------------------------------------------
[15-08-31 10:58:02.081][upkg.c    -L0495-Unpack8583Field-19540] Field 22, [服务点输入方式码][3][0710]
[15-08-31 10:58:02.081][upkg.c    -L0507-Unpack8583Field-19540] 域 22 end.
[15-08-31 10:58:02.081][upkg.c    -L0416-Unpack8583Field-19540] 域 23: 
[15-08-31 10:58:02.081][upkg.c    -L0460-Unpack8583Field-19540] 域值长度[3],域值编码类型[BCD],取域值报文实际长度=[2]
[15-08-31 10:58:02.081][upkg.c    -L0469-Unpack8583Field-19540] 域值:
[15-08-31 10:58:02.081][upkg.c    -L0470-Unpack8583Field-19540] ++++++++++++++ length[2] ++++++++++++++
0000:00 01                                                                      ..
------------------------------------------------------------------------------------------------------------
[15-08-31 10:58:02.081][upkg.c    -L0495-Unpack8583Field-19540] Field 23, [卡序列号][3][0001]
[15-08-31 10:58:02.081][upkg.c    -L0507-Unpack8583Field-19540] 域 23 end.
[15-08-31 10:58:02.081][upkg.c    -L0416-Unpack8583Field-19540] 域 41: 
[15-08-31 10:58:02.081][upkg.c    -L0460-Unpack8583Field-19540] 域值长度[8],域值编码类型[BYTE],取域值报文实际长度=[8]
[15-08-31 10:58:02.081][upkg.c    -L0469-Unpack8583Field-19540] 域值:
[15-08-31 10:58:02.081][upkg.c    -L0470-Unpack8583Field-19540] ++++++++++++++ length[8] ++++++++++++++
0000:38 38 30 31 35 35 38 37                                                    88015587 
------------------------------------------------------------------------------------------------------------
[15-08-31 10:58:02.081][upkg.c    -L0495-Unpack8583Field-19540] Field 41, [受卡机终端标识码][8][88015587]
[15-08-31 10:58:02.081][upkg.c    -L0507-Unpack8583Field-19540] 域 41 end.
[15-08-31 10:58:02.081][upkg.c    -L0416-Unpack8583Field-19540] 域 42: 
[15-08-31 10:58:02.081][upkg.c    -L0460-Unpack8583Field-19540] 域值长度[15],域值编码类型[BYTE],取域值报文实际长度=[15]
[15-08-31 10:58:02.081][upkg.c    -L0469-Unpack8583Field-19540] 域值:
[15-08-31 10:58:02.081][upkg.c    -L0470-Unpack8583Field-19540] ++++++++++++++ length[15] ++++++++++++++
0000:38 39 38 32 31 30 31 35  34 31 31 33 34 38 31                              89821015 4113481
------------------------------------------------------------------------------------------------------------
[15-08-31 10:58:02.081][upkg.c    -L0495-Unpack8583Field-19540] Field 42, [受卡方标识码][15][898210154113481]
[15-08-31 10:58:02.097][upkg.c    -L0507-Unpack8583Field-19540] 域 42 end.
[15-08-31 10:58:02.097][upkg.c    -L0416-Unpack8583Field-19540] 域 55: 
[15-08-31 10:58:02.097][upkg.c    -L0436-Unpack8583Field-19540] 域长度类型:[LLLVAR],域长度编码类型[BCD]，域长度的实际长度=[2], 域长度: 
[15-08-31 10:58:02.097][upkg.c    -L0446-Unpack8583Field-19540] ++++++++++++++ length[2] ++++++++++++++
0000:01 41                                                                      .A
------------------------------------------------------------------------------------------------------------
[15-08-31 10:58:02.097][upkg.c    -L0454-Unpack8583Field-19540] 域值长度: [141]
[15-08-31 10:58:02.097][upkg.c    -L0460-Unpack8583Field-19540] 域值长度[141],域值编码类型[BYTE],取域值报文实际长度=[141]
[15-08-31 10:58:02.097][upkg.c    -L0469-Unpack8583Field-19540] 域值:
[15-08-31 10:58:02.097][upkg.c    -L0470-Unpack8583Field-19540] ++++++++++++++ length[141] ++++++++++++++
0000:9F 26 08 85 22 51 D2 67  A1 27 1C 9F 10 13 07 01  01 03 A0 20 00 01 0A 01  .&.."Q.g .'...... ... .... 
0024:00 00 00 00 00 CC F2 7C  AF 9F 37 04 32 66 F7 8A  9F 36 02 00 54 95 05 00  .......| ..7.2f.. .6..T... 
0048:00 00 00 00 9A 03 14 06  26 9C 01 00 9F 02 06 00  00 00 00 49 80 5F 2A 02  ........ &....... ...I._*. 
0072:01 56 82 02 7C 00 9F 1A  02 01 56 9F 03 06 00 00  00 00 00 00 9F 33 03 E0  .V..|... ..V..... .....3.. 
0096:E1 C8 9F 34 03 02 00 00  9F 35 01 22 9F 1E 08 30  31 36 38 32 36 38 39 84  ...4.... .5."...0 1682689. 
0120:08 A0 00 00 03 33 01 01  01 9F 09 02 00 20 9F 41  04 00 01 45 09           .....3.. ..... .A ...E.
------------------------------------------------------------------------------------------------------------
[15-08-31 10:58:02.097][upkg.c    -L0389-ConvertFieldValue-19540] 子报文开始....
[15-08-31 10:58:02.097][upkg.c    -L0407-ConvertFieldValue-19540] 子报文结束....
[15-08-31 10:58:02.097][upkg.c    -L0495-Unpack8583Field-19540] Field 55, [基于PBOC借贷记标准的IC卡数据][141][9F2608852251D267A1271C9F101307010103A02000010A010000000000CCF27CAF9F37043266F78A9F36020054950500000000009A031406269C01009F02060000000049805F2A02015682027C009F1A0201569F03060000000000009F3303E0E1C89F34030200009F3501229F1E0830313638323638398408A0000003330101019F090200209F410400014509]
[15-08-31 10:58:02.097][upkg.c    -L0507-Unpack8583Field-19540] 域 55 end.
[15-08-31 10:58:02.097][upkg.c    -L0416-Unpack8583Field-19540] 域 60: 
[15-08-31 10:58:02.097][upkg.c    -L0436-Unpack8583Field-19540] 域长度类型:[LLLVAR],域长度编码类型[BCD]，域长度的实际长度=[2], 域长度: 
[15-08-31 10:58:02.097][upkg.c    -L0446-Unpack8583Field-19540] ++++++++++++++ length[2] ++++++++++++++
0000:00 13                                                                      ..
------------------------------------------------------------------------------------------------------------
[15-08-31 10:58:02.097][upkg.c    -L0454-Unpack8583Field-19540] 域值长度: [13]
[15-08-31 10:58:02.097][upkg.c    -L0460-Unpack8583Field-19540] 域值长度[13],域值编码类型[BCD],取域值报文实际长度=[7]
[15-08-31 10:58:02.097][upkg.c    -L0469-Unpack8583Field-19540] 域值:
[15-08-31 10:58:02.097][upkg.c    -L0470-Unpack8583Field-19540] ++++++++++++++ length[7] ++++++++++++++
0000:00 00 29 53 20 36 00                                                       ..)S 6.
------------------------------------------------------------------------------------------------------------
[15-08-31 10:58:02.097][upkg.c    -L0495-Unpack8583Field-19540] Field 60, [自定义域][13][00002953203600]
[15-08-31 10:58:02.097][upkg.c    -L0507-Unpack8583Field-19540] 域 60 end.
[15-08-31 10:58:02.097][upkg.c    -L0416-Unpack8583Field-19540] 域 62: 
[15-08-31 10:58:02.097][upkg.c    -L0436-Unpack8583Field-19540] 域长度类型:[LLLVAR],域长度编码类型[BCD]，域长度的实际长度=[2], 域长度: 
[15-08-31 10:58:02.112][upkg.c    -L0446-Unpack8583Field-19540] ++++++++++++++ length[2] ++++++++++++++
0000:00 21                                                                      .!
------------------------------------------------------------------------------------------------------------
[15-08-31 10:58:02.112][upkg.c    -L0454-Unpack8583Field-19540] 域值长度: [21]
[15-08-31 10:58:02.112][upkg.c    -L0460-Unpack8583Field-19540] 域值长度[21],域值编码类型[BYTE],取域值报文实际长度=[21]
[15-08-31 10:58:02.112][upkg.c    -L0469-Unpack8583Field-19540] 域值:
[15-08-31 10:58:02.112][upkg.c    -L0470-Unpack8583Field-19540] ++++++++++++++ length[21] ++++++++++++++
0000:36 31 30 30 30 30 30 30  30 30 30 30 30 30 34 39  38 30 31 35 36           61000000 00000049 80156
------------------------------------------------------------------------------------------------------------
[15-08-31 10:58:02.112][upkg.c    -L0495-Unpack8583Field-19540] Field 62, [交换中心数据][21][610000000000004980156]
[15-08-31 10:58:02.112][upkg.c    -L0507-Unpack8583Field-19540] 域 62 end.
[15-08-31 10:58:02.112][upkg.c    -L0547-Upkg8583       -19540] Upkg8583 end...
[15-08-31 10:58:02.112][upkg.c    -L0791-Unpack         -19540] 
[域 000.头                       ][长度 015][00F360000383716031003107000320]
[域 001.BitMap                   ][长度 008][5020060000C00214]
[域 002.卡号                     ][长度 019][62122633010045400340]
[域 004.交易金额                 ][长度 012][000000004980]
[域 011.系统跟踪号               ][长度 006][014509]
[域 022.服务点输入方式码         ][长度 003][0710]
[域 023.卡序列号                 ][长度 003][0001]
[域 041.受卡机终端标识码         ][长度 008][88015587]
[域 042.受卡方标识码             ][长度 015][898210154113481]
[域 055.基于PBOC借贷记标准的IC卡数据][长度 141][9F2608852251D267A1271C9F101307010103A02000010A010000000000CCF27CAF9F37043266F78A9F36020054950500000000009A031406269C01009F02060000000049805F2A02015682027C009F1A0201569F03060000000000009F3303E0E1C89F34030200009F3501229F1E0830313638323638398408A0000003330101019F090200209F410400014509]
    [域 001.9F26.应用密文            ][长度 008][852251D267A1271C]
    [域 002.9F10.发卡行应用数据      ][长度 019][07010103A02000010A010000000000CCF27CAF]
    [域 003.9F37.不可预知数          ][长度 004][3266F78A]
    [域 004.9F36.应用交易计数器      ][长度 002][0054]
    [域 005.  95.终端验证结果        ][长度 005][0000000000]
    [域 006.  9A.交易日期            ][长度 003][140626]
    [域 007.  9C.交易类型            ][长度 001][00]
    [域 008.9F02.授权金额            ][长度 006][000000004980]
    [域 009.5F2A.交易货币代码        ][长度 002][0156]
    [域 010.  82.应用交互特征        ][长度 002][7C00]
    [域 011.9F1A.终端国家代码        ][长度 002][0156]
    [域 012.9F03.其它金额            ][长度 006][000000000000]
    [域 013.9F33.终端性能            ][长度 003][E0E1C8]
    [域 014.9F34.持卡人验证方法结果  ][长度 003][020000]
    [域 015.9F35.终端类型            ][长度 001][22]
    [域 016.9F1E.接口设备序列号      ][长度 008][01682689]
    [域 017.  84.专用文件名称        ][长度 008][A000000333010101]
    [域 018.9F09.应用版本号          ][长度 002][0020]
    [域 019.9F41.交易序列计数器      ][长度 004][00014509]
[域 060.自定义域                 ][长度 013][00002953203600]
[域 062.交换中心数据             ][长度 021][610000000000004980156]    (Test,TestComment)

