[15-09-02 15:16:46.201][upkg.c    -L0137-LoadPkgFile    -31240] pkgid[TLV], pkgName[TLV报文], pkgType[TLV] pkgMsgFmt[] ePkgType[3] fieldCount[0]
[15-09-02 15:16:46.201][upkg.c    -L0140-LoadPkgFile    -31240] ========开始读取域配置========
[15-09-02 15:16:46.201][upkg.c    -L0313-LoadPkgFile    -31240] ========结束读取域配置========
[15-09-02 15:16:46.201][upkg.c    -L0618-UpkgTlv        -31240] UpkgTlv begin...pkgId=[TLV],pkgFile=[../pkg/tlv.pkg], buffer: 
[15-09-02 15:16:46.201][upkg.c    -L0619-UpkgTlv        -31240] ++++++++++++++ length[282] ++++++++++++++
0000:39 46 32 36 30 38 38 35  32 32 35 31 44 32 36 37  41 31 32 37 31 43 39 46  9F260885 2251D267 A1271C9F 
0024:31 30 31 33 30 37 30 31  30 31 30 33 41 30 32 30  30 30 30 31 30 41 30 31  10130701 0103A020 00010A01 
0048:30 30 30 30 30 30 30 30  30 30 43 43 46 32 37 43  41 46 39 46 33 37 30 34  00000000 00CCF27C AF9F3704 
0072:33 32 36 36 46 37 38 41  39 46 33 36 30 32 30 30  35 34 39 35 30 35 30 30  3266F78A 9F360200 54950500 
0096:30 30 30 30 30 30 30 30  39 41 30 33 31 34 30 36  32 36 39 43 30 31 30 30  00000000 9A031406 269C0100 
0120:39 46 30 32 30 36 30 30  30 30 30 30 30 30 34 39  38 30 35 46 32 41 30 32  9F020600 00000049 805F2A02 
0144:30 31 35 36 38 32 30 32  37 43 30 30 39 46 31 41  30 32 30 31 35 36 39 46  01568202 7C009F1A 0201569F 
0168:30 33 30 36 30 30 30 30  30 30 30 30 30 30 30 30  39 46 33 33 30 33 45 30  03060000 00000000 9F3303E0 
0192:45 31 43 38 39 46 33 34  30 33 30 32 30 30 30 30  39 46 33 35 30 31 32 32  E1C89F34 03020000 9F350122 
0216:39 46 31 45 30 38 33 30  33 31 33 36 33 38 33 32  33 36 33 38 33 39 38 34  9F1E0830 31363832 36383984 
0240:30 38 41 30 30 30 30 30  30 33 33 33 30 31 30 31  30 31 39 46 30 39 30 32  08A00000 03330101 019F0902 
0264:30 30 32 30 39 46 34 31  30 34 30 30 30 31 34 35  30 39                    00209F41 04000145 09
------------------------------------------------------------------------------------------------------------
[15-09-02 15:16:46.201][upkg.c    -L0694-UpkgTlv        -31240] [1].TAG=[9F26][应用密文], length=[8], value[852251D267A1271C][852251D267A1271C]
[15-09-02 15:16:46.201][upkg.c    -L0694-UpkgTlv        -31240] [2].TAG=[9F10][发卡行应用数据], length=[19], value[07010103A02000010A010000000000CCF27CAF][07010103A02000010A010000000000CCF27CAF]
[15-09-02 15:16:46.201][upkg.c    -L0694-UpkgTlv        -31240] [3].TAG=[9F37][不可预知数], length=[4], value[3266F78A][3266F78A]
[15-09-02 15:16:46.201][upkg.c    -L0694-UpkgTlv        -31240] [4].TAG=[9F36][应用交易计数器], length=[2], value[0054][0054]
[15-09-02 15:16:46.201][upkg.c    -L0694-UpkgTlv        -31240] [5].TAG=[95][终端验证结果], length=[5], value[0000000000][0000000000]
[15-09-02 15:16:46.201][upkg.c    -L0694-UpkgTlv        -31240] [6].TAG=[9A][交易日期], length=[3], value[140626][140626]
[15-09-02 15:16:46.201][upkg.c    -L0694-UpkgTlv        -31240] [7].TAG=[9C][交易类型], length=[1], value[00][00]
[15-09-02 15:16:46.201][upkg.c    -L0694-UpkgTlv        -31240] [8].TAG=[9F02][授权金额], length=[6], value[000000004980][000000004980]
[15-09-02 15:16:46.201][upkg.c    -L0694-UpkgTlv        -31240] [9].TAG=[5F2A][交易货币代码], length=[2], value[0156][0156]
[15-09-02 15:16:46.201][upkg.c    -L0694-UpkgTlv        -31240] [10].TAG=[82][应用交互特征], length=[2], value[7C00][7C00]
[15-09-02 15:16:46.217][upkg.c    -L0694-UpkgTlv        -31240] [11].TAG=[9F1A][终端国家代码], length=[2], value[0156][0156]
[15-09-02 15:16:46.217][upkg.c    -L0694-UpkgTlv        -31240] [12].TAG=[9F03][其它金额], length=[6], value[000000000000][000000000000]
[15-09-02 15:16:46.217][upkg.c    -L0694-UpkgTlv        -31240] [13].TAG=[9F33][终端性能], length=[3], value[E0E1C8][E0E1C8]
[15-09-02 15:16:46.217][upkg.c    -L0694-UpkgTlv        -31240] [14].TAG=[9F34][持卡人验证方法结果], length=[3], value[020000][020000]
[15-09-02 15:16:46.217][upkg.c    -L0694-UpkgTlv        -31240] [15].TAG=[9F35][终端类型], length=[1], value[22][22]
[15-09-02 15:16:46.217][upkg.c    -L0694-UpkgTlv        -31240] [16].TAG=[9F1E][接口设备序列号], length=[8], value[3031363832363839][01682689]
[15-09-02 15:16:46.217][upkg.c    -L0694-UpkgTlv        -31240] [17].TAG=[84][专用文件名称], length=[8], value[A000000333010101][A000000333010101]
[15-09-02 15:16:46.217][upkg.c    -L0694-UpkgTlv        -31240] [18].TAG=[9F09][应用版本号], length=[2], value[0020][0020]
[15-09-02 15:16:46.217][upkg.c    -L0694-UpkgTlv        -31240] [19].TAG=[9F41][交易序列计数器], length=[4], value[00014509][00014509]
[15-09-02 15:16:46.217][upkg.c    -L0708-UpkgTlv        -31240] UpkgTlv end...
